HostTests/HostTestCases/iv/tools/data/stl1_mpi/wfr_driver/BadICRC.pkt
HostTests/HostTestCases/iv/tools/data/stl1_mpi/wfr_driver/BadJobKey.pkt
HostTests/HostTestCases/iv/tools/data/stl1_mpi/wfr_driver/BadLIDPktA.pkt
HostTests/HostTestCases/iv/tools/data/stl1_mpi/wfr_driver/BadLIDPktB.pkt
HostTests/HostTestCases/iv/tools/data/stl1_mpi/wfr_driver/BadLIDPktC.pkt
HostTests/HostTestCases/iv/tools/data/stl1_mpi/wfr_driver/BadOpcodeA.pkt
HostTests/HostTestCases/iv/tools/data/stl1_mpi/wfr_driver/BadOpcodeB.pkt
HostTests/iv/tools/data/stl1_mpi/wfr_driver/BadICRC.pkt
HostTests/iv/tools/data/stl1_mpi/wfr_driver/BadJobKey.pkt
HostTests/iv/tools/data/stl1_mpi/wfr_driver/BadLIDPktA.pkt
HostTests/iv/tools/data/stl1_mpi/wfr_driver/BadLIDPktB.pkt
HostTests/iv/tools/data/stl1_mpi/wfr_driver/BadLIDPktC.pkt
HostTests/iv/tools/data/stl1_mpi/wfr_driver/BadOpcodeA.pkt
HostTests/iv/tools/data/stl1_mpi/wfr_driver/BadOpcodeB.pkt
U HostTestCases/iv/tools/data/stl1_mpi/wfr_driver/BadICRC.pkt
U HostTestCases/iv/tools/data/stl1_mpi/wfr_driver/BadJobKey.pkt
U HostTestCases/iv/tools/data/stl1_mpi/wfr_driver/BadLIDPktA.pkt
U HostTestCases/iv/tools/data/stl1_mpi/wfr_driver/BadLIDPktB.pkt
U HostTestCases/iv/tools/data/stl1_mpi/wfr_driver/BadLIDPktC.pkt
U HostTestCases/iv/tools/data/stl1_mpi/wfr_driver/BadOpcodeA.pkt
U HostTestCases/iv/tools/data/stl1_mpi/wfr_driver/BadOpcodeB.pkt
HostTests/EoSTL/CV/Tools/data/Host/EM/BadGW_spoofing.pkt
